<?xml version="1.0" encoding="UTF-8"?>
<!-- Generated by org.testng.reporters.JUnitReportReporter -->
<testsuite hostname="dell-3540" failures="0" tests="2" name="testcases.LoginTestUsingDependOnMethod" time="11.592" errors="0" timestamp="2021-12-12T18:33:14 ICT" skipped="0">
  <testcase classname="testcases.LoginTestUsingDependOnMethod" name="LoginSuccessfulTest" time="6.554"/>
  <system-out>
    <![CDATA[Testcase Passed]]>
  </system-out>
  <testcase classname="testcases.LoginTestUsingDependOnMethod" name="LoginUnsuccessfulTest" time="5.038"/>
  <system-out>
    <![CDATA[Testcase Failed]]>
  </system-out>
</testsuite> <!-- testcases.LoginTestUsingDependOnMethod -->
