<?xml version="1.0" encoding="UTF-8"?>
<!-- Generated by org.testng.reporters.JUnitReportReporter -->
<testsuite hostname="BDI-DIUNTT1" failures="0" tests="12" name="testcases.SendMessage" time="105.828" errors="0" timestamp="2021-12-15T12:31:21 ICT" skipped="0">
  <testcase classname="testcases.SendMessage" name="SendMessage" time="17.545"/>
  <system-out/>
  <testcase classname="testcases.SendMessage" name="SendMessage" time="2.301"/>
  <system-out/>
  <testcase classname="testcases.SendMessage" name="SendMessage" time="2.267"/>
  <system-out/>
  <testcase classname="testcases.SendMessage" name="SendMessage" time="18.364"/>
  <system-out/>
  <testcase classname="testcases.SendMessage" name="SendMessage" time="2.085"/>
  <system-out/>
  <testcase classname="testcases.SendMessage" name="SendMessage" time="2.284"/>
  <system-out/>
  <testcase classname="testcases.SendMessage" name="SendMessage" time="18.282"/>
  <system-out/>
  <testcase classname="testcases.SendMessage" name="SendMessage" time="1.904"/>
  <system-out/>
  <testcase classname="testcases.SendMessage" name="SendMessage" time="17.420"/>
  <system-out/>
  <testcase classname="testcases.SendMessage" name="SendMessage" time="3.289"/>
  <system-out/>
  <testcase classname="testcases.SendMessage" name="SendMessage" time="2.538"/>
  <system-out/>
  <testcase classname="testcases.SendMessage" name="SendMessage" time="17.549"/>
  <system-out/>
</testsuite> <!-- testcases.SendMessage -->
